[27-Aug-2018 17:56:14 UTC] PHP Notice:  ob_end_flush(): failed to send buffer of zlib output compression (1) in C:\Users\Usuario\Desktop\Desafio21\wordpress\wp-includes\functions.php on line 3743
[27-Aug-2018 17:56:14 UTC] PHP Notice:  ob_end_flush(): failed to send buffer of zlib output compression (1) in C:\Users\Usuario\Desktop\Desafio21\wordpress\wp-includes\functions.php on line 3743
[27-Aug-2018 17:56:17 UTC] PHP Parse error:  syntax error, unexpected 'wp_footer' (T_STRING) in C:\Users\Usuario\Desktop\Desafio21\wordpress\wp-content\themes\temagym\footer.php on line 13
[27-Aug-2018 17:56:17 UTC] PHP Notice:  ob_end_flush(): failed to send buffer of zlib output compression (1) in C:\Users\Usuario\Desktop\Desafio21\wordpress\wp-includes\functions.php on line 3743
[27-Aug-2018 17:56:17 UTC] PHP Notice:  ob_end_flush(): failed to send buffer of zlib output compression (1) in C:\Users\Usuario\Desktop\Desafio21\wordpress\wp-includes\functions.php on line 3743
[27-Aug-2018 17:56:19 UTC] PHP Parse error:  syntax error, unexpected 'wp_footer' (T_STRING) in C:\Users\Usuario\Desktop\Desafio21\wordpress\wp-content\themes\temagym\footer.php on line 13
[27-Aug-2018 17:56:19 UTC] PHP Notice:  ob_end_flush(): failed to send buffer of zlib output compression (1) in C:\Users\Usuario\Desktop\Desafio21\wordpress\wp-includes\functions.php on line 3743
[27-Aug-2018 17:56:19 UTC] PHP Notice:  ob_end_flush(): failed to send buffer of zlib output compression (1) in C:\Users\Usuario\Desktop\Desafio21\wordpress\wp-includes\functions.php on line 3743
[27-Aug-2018 17:56:38 UTC] PHP Parse error:  syntax error, unexpected 'wp_footer' (T_STRING) in C:\Users\Usuario\Desktop\Desafio21\wordpress\wp-content\themes\temagym\footer.php on line 13
[27-Aug-2018 17:56:38 UTC] PHP Notice:  ob_end_flush(): failed to send buffer of zlib output compression (1) in C:\Users\Usuario\Desktop\Desafio21\wordpress\wp-includes\functions.php on line 3743
[27-Aug-2018 17:56:38 UTC] PHP Notice:  ob_end_flush(): failed to send buffer of zlib output compression (1) in C:\Users\Usuario\Desktop\Desafio21\wordpress\wp-includes\functions.php on line 3743
[27-Aug-2018 17:57:02 UTC] PHP Parse error:  syntax error, unexpected 'wp_footer' (T_STRING) in C:\Users\Usuario\Desktop\Desafio21\wordpress\wp-content\themes\temagym\footer.php on line 13
[27-Aug-2018 17:57:02 UTC] PHP Notice:  ob_end_flush(): failed to send buffer of zlib output compression (1) in C:\Users\Usuario\Desktop\Desafio21\wordpress\wp-includes\functions.php on line 3743
[27-Aug-2018 17:57:03 UTC] PHP Notice:  ob_end_flush(): failed to send buffer of zlib output compression (1) in C:\Users\Usuario\Desktop\Desafio21\wordpress\wp-includes\functions.php on line 3743
[27-Aug-2018 17:58:48 UTC] PHP Parse error:  syntax error, unexpected 'wp_footer' (T_STRING) in C:\Users\Usuario\Desktop\Desafio21\wordpress\wp-content\themes\temagym\footer.php on line 13
[27-Aug-2018 17:59:00 UTC] PHP Parse error:  syntax error, unexpected 'wp_footer' (T_STRING) in C:\Users\Usuario\Desktop\Desafio21\wordpress\wp-content\themes\temagym\footer.php on line 13
[27-Aug-2018 18:03:12 UTC] PHP Parse error:  syntax error, unexpected 'wp_footer' (T_STRING) in C:\Users\Usuario\Desktop\Desafio21\wordpress\wp-content\themes\temagym\footer.php on line 13
[27-Aug-2018 18:05:34 UTC] PHP Parse error:  syntax error, unexpected 'wp_footer' (T_STRING) in C:\Users\Usuario\Desktop\Desafio21\wordpress\wp-content\themes\temagym\footer.php on line 13
[27-Aug-2018 18:10:30 UTC] PHP Parse error:  syntax error, unexpected 'wp_footer' (T_STRING) in C:\Users\Usuario\Desktop\Desafio21\wordpress\wp-content\themes\temagym\footer.php on line 13
[27-Aug-2018 18:10:32 UTC] PHP Parse error:  syntax error, unexpected 'wp_footer' (T_STRING) in C:\Users\Usuario\Desktop\Desafio21\wordpress\wp-content\themes\temagym\footer.php on line 13
[27-Aug-2018 18:10:38 UTC] PHP Parse error:  syntax error, unexpected 'wp_footer' (T_STRING) in C:\Users\Usuario\Desktop\Desafio21\wordpress\wp-content\themes\temagym\footer.php on line 13
[27-Aug-2018 18:12:36 UTC] PHP Parse error:  syntax error, unexpected 'wp_footer' (T_STRING) in C:\Users\Usuario\Desktop\Desafio21\wordpress\wp-content\themes\temagym\footer.php on line 13
[27-Aug-2018 18:19:26 UTC] PHP Parse error:  syntax error, unexpected '/' in C:\Users\Usuario\Desktop\Desafio21\wordpress\wp-content\themes\temagym\functions.php on line 56
[27-Aug-2018 18:20:02 UTC] PHP Parse error:  syntax error, unexpected '/' in C:\Users\Usuario\Desktop\Desafio21\wordpress\wp-content\themes\temagym\functions.php on line 60
[27-Aug-2018 18:21:09 UTC] PHP Parse error:  syntax error, unexpected '' <link rel = "apple-touch-ico' (T_CONSTANT_ENCAPSED_STRING), expecting ',' or ';' in C:\Users\Usuario\Desktop\Desafio21\wordpress\wp-content\themes\temagym\functions.php on line 64
[27-Aug-2018 18:22:12 UTC] PHP Parse error:  syntax error, unexpected 'get_stylesheet_directory_uri' (T_STRING), expecting ',' or ';' in C:\Users\Usuario\Desktop\Desafio21\wordpress\wp-content\themes\temagym\functions.php on line 57
[27-Aug-2018 18:22:37 UTC] PHP Parse error:  syntax error, unexpected 'wp_footer' (T_STRING) in C:\Users\Usuario\Desktop\Desafio21\wordpress\wp-content\themes\temagym\footer.php on line 13
[27-Aug-2018 18:25:30 UTC] PHP Parse error:  syntax error, unexpected 'wp_footer' (T_STRING) in C:\Users\Usuario\Desktop\Desafio21\wordpress\wp-content\themes\temagym\footer.php on line 13
[27-Aug-2018 18:25:32 UTC] PHP Parse error:  syntax error, unexpected 'wp_footer' (T_STRING) in C:\Users\Usuario\Desktop\Desafio21\wordpress\wp-content\themes\temagym\footer.php on line 13
[27-Aug-2018 18:25:38 UTC] PHP Parse error:  syntax error, unexpected 'wp_footer' (T_STRING) in C:\Users\Usuario\Desktop\Desafio21\wordpress\wp-content\themes\temagym\footer.php on line 13
[27-Aug-2018 18:26:24 UTC] PHP Parse error:  syntax error, unexpected 'wp_footer' (T_STRING) in C:\Users\Usuario\Desktop\Desafio21\wordpress\wp-content\themes\temagym\footer.php on line 13
[27-Aug-2018 18:26:26 UTC] PHP Parse error:  syntax error, unexpected 'wp_footer' (T_STRING) in C:\Users\Usuario\Desktop\Desafio21\wordpress\wp-content\themes\temagym\footer.php on line 13
[27-Aug-2018 18:26:41 UTC] PHP Parse error:  syntax error, unexpected 'wp_footer' (T_STRING) in C:\Users\Usuario\Desktop\Desafio21\wordpress\wp-content\themes\temagym\footer.php on line 13
[27-Aug-2018 18:27:44 UTC] PHP Parse error:  syntax error, unexpected 'wp_footer' (T_STRING) in C:\Users\Usuario\Desktop\Desafio21\wordpress\wp-content\themes\temagym\footer.php on line 13
[27-Aug-2018 18:27:48 UTC] PHP Parse error:  syntax error, unexpected 'wp_footer' (T_STRING) in C:\Users\Usuario\Desktop\Desafio21\wordpress\wp-content\themes\temagym\footer.php on line 13
[27-Aug-2018 18:27:55 UTC] PHP Parse error:  syntax error, unexpected 'wp_footer' (T_STRING) in C:\Users\Usuario\Desktop\Desafio21\wordpress\wp-content\themes\temagym\footer.php on line 13
[27-Aug-2018 18:27:59 UTC] PHP Parse error:  syntax error, unexpected 'wp_footer' (T_STRING) in C:\Users\Usuario\Desktop\Desafio21\wordpress\wp-content\themes\temagym\footer.php on line 13
[27-Aug-2018 18:30:31 UTC] PHP Parse error:  syntax error, unexpected 'wp_footer' (T_STRING) in C:\Users\Usuario\Desktop\Desafio21\wordpress\wp-content\themes\temagym\footer.php on line 13
[27-Aug-2018 18:30:35 UTC] PHP Parse error:  syntax error, unexpected 'wp_footer' (T_STRING) in C:\Users\Usuario\Desktop\Desafio21\wordpress\wp-content\themes\temagym\footer.php on line 13
[27-Aug-2018 18:30:36 UTC] PHP Parse error:  syntax error, unexpected 'wp_footer' (T_STRING) in C:\Users\Usuario\Desktop\Desafio21\wordpress\wp-content\themes\temagym\footer.php on line 13
[27-Aug-2018 18:31:15 UTC] PHP Parse error:  syntax error, unexpected 'wp_footer' (T_STRING) in C:\Users\Usuario\Desktop\Desafio21\wordpress\wp-content\themes\temagym\footer.php on line 13
[27-Aug-2018 18:36:51 UTC] PHP Parse error:  syntax error, unexpected 'wp_footer' (T_STRING) in C:\Users\Usuario\Desktop\Desafio21\wordpress\wp-content\themes\temagym\footer.php on line 13
[27-Aug-2018 18:42:18 UTC] PHP Parse error:  syntax error, unexpected 'wp_footer' (T_STRING) in C:\Users\Usuario\Desktop\Desafio21\wordpress\wp-content\themes\temagym\footer.php on line 13
[27-Aug-2018 18:42:18 UTC] PHP Parse error:  syntax error, unexpected 'wp_footer' (T_STRING) in C:\Users\Usuario\Desktop\Desafio21\wordpress\wp-content\themes\temagym\footer.php on line 13
[27-Aug-2018 18:42:18 UTC] PHP Parse error:  syntax error, unexpected 'wp_footer' (T_STRING) in C:\Users\Usuario\Desktop\Desafio21\wordpress\wp-content\themes\temagym\footer.php on line 13
[27-Aug-2018 18:42:18 UTC] PHP Parse error:  syntax error, unexpected 'wp_footer' (T_STRING) in C:\Users\Usuario\Desktop\Desafio21\wordpress\wp-content\themes\temagym\footer.php on line 13
[27-Aug-2018 18:42:57 UTC] PHP Parse error:  syntax error, unexpected 'wp_footer' (T_STRING) in C:\Users\Usuario\Desktop\Desafio21\wordpress\wp-content\themes\temagym\footer.php on line 13
[28-Aug-2018 01:21:50 UTC] PHP Warning:  mysqli_real_connect(): (HY000/2003): Can't connect to MySQL server on 'localhost' (10061) in C:\Users\Usuario\Desktop\Desafio21\wordpress\wp-includes\wp-db.php on line 1531
[28-Aug-2018 15:22:19 UTC] PHP Parse error:  syntax error, unexpected 'wp_footer' (T_STRING) in C:\Users\Usuario\Desktop\Desafio21\wordpress\wp-content\themes\temagym\footer.php on line 13
[28-Aug-2018 15:22:19 UTC] PHP Parse error:  syntax error, unexpected 'wp_footer' (T_STRING) in C:\Users\Usuario\Desktop\Desafio21\wordpress\wp-content\themes\temagym\footer.php on line 13
[28-Aug-2018 15:23:36 UTC] PHP Parse error:  syntax error, unexpected 'wp_footer' (T_STRING) in C:\Users\Usuario\Desktop\Desafio21\wordpress\wp-content\themes\temagym\footer.php on line 13
[28-Aug-2018 21:02:14 UTC] PHP Parse error:  syntax error, unexpected 'wp_footer' (T_STRING) in C:\Users\Usuario\Desktop\Desafio21\wordpress\wp-content\themes\temagym\footer.php on line 13
[28-Aug-2018 21:02:26 UTC] PHP Parse error:  syntax error, unexpected 'wp_footer' (T_STRING) in C:\Users\Usuario\Desktop\Desafio21\wordpress\wp-content\themes\temagym\footer.php on line 13
[28-Aug-2018 21:02:26 UTC] PHP Warning:  Ocurrió un error inesperado. Algo debe estar mal con WordPress.org o la configuración de este servidor. Si continúas con problemas, por favor visita los <a href="https://wordpress.org/support/">foros de soporte</a>. (WordPress no pudo establecer una conexión segura a WordPress.org. Por favor contacta al administrador de tu servidor.) in C:\Users\Usuario\Desktop\Desafio21\wordpress\wp-includes\update.php on line 529
[28-Aug-2018 21:02:43 UTC] PHP Fatal error:  Maximum execution time of 30 seconds exceeded in C:\Users\Usuario\Desktop\Desafio21\wordpress\wp-includes\Requests\Transport\cURL.php on line 463
[28-Aug-2018 21:03:10 UTC] PHP Warning:  Ocurrió un error inesperado. Algo debe estar mal con WordPress.org o la configuración de este servidor. Si continúas con problemas, por favor visita los <a href="https://wordpress.org/support/">foros de soporte</a>. (WordPress no pudo establecer una conexión segura a WordPress.org. Por favor contacta al administrador de tu servidor.) in C:\Users\Usuario\Desktop\Desafio21\wordpress\wp-includes\update.php on line 155
[28-Aug-2018 21:03:24 UTC] PHP Parse error:  syntax error, unexpected 'wp_footer' (T_STRING) in C:\Users\Usuario\Desktop\Desafio21\wordpress\wp-content\themes\temagym\footer.php on line 13
[28-Aug-2018 21:17:28 UTC] PHP Parse error:  syntax error, unexpected 'wp_footer' (T_STRING) in C:\Users\Usuario\Desktop\Desafio21\wordpress\wp-content\themes\temagym\footer.php on line 13
[28-Aug-2018 21:23:50 UTC] PHP Warning:  Ocurrió un error inesperado. Algo debe estar mal con WordPress.org o la configuración de este servidor. Si continúas con problemas, por favor visita los <a href="https://wordpress.org/support/">foros de soporte</a>. (WordPress no pudo establecer una conexión segura a WordPress.org. Por favor contacta al administrador de tu servidor.) in C:\Users\Usuario\Desktop\Desafio21\wordpress\wp-admin\includes\translation-install.php on line 65
[28-Aug-2018 21:23:51 UTC] PHP Warning:  Ocurrió un error inesperado. Algo debe estar mal con WordPress.org o la configuración de este servidor. Si continúas con problemas, por favor visita los <a href="https://wordpress.org/support/">foros de soporte</a>. (WordPress no pudo establecer una conexión segura a WordPress.org. Por favor contacta al administrador de tu servidor.) in C:\Users\Usuario\Desktop\Desafio21\wordpress\wp-admin\includes\translation-install.php on line 65
[28-Aug-2018 22:38:53 UTC] PHP Parse error:  syntax error, unexpected ''items_wrap'' (T_CONSTANT_ENCAPSED_STRING), expecting ')' in C:\Users\Usuario\Desktop\Desafio21\wordpress\wp-content\themes\temagym\header.php on line 29
[29-Aug-2018 13:53:27 UTC] PHP Warning:  mysqli_real_connect(): (HY000/2003): Can't connect to MySQL server on 'localhost' (10061) in C:\Users\Usuario\Desktop\Desafio21\wordpress\wp-includes\wp-db.php on line 1531
[29-Aug-2018 13:53:27 UTC] PHP Warning:  mysqli_real_connect(): (HY000/2003): Can't connect to MySQL server on 'localhost' (10061) in C:\Users\Usuario\Desktop\Desafio21\wordpress\wp-includes\wp-db.php on line 1531
[29-Aug-2018 13:53:27 UTC] PHP Warning:  mysqli_real_connect(): (HY000/2003): Can't connect to MySQL server on 'localhost' (10061) in C:\Users\Usuario\Desktop\Desafio21\wordpress\wp-includes\wp-db.php on line 1531
[29-Aug-2018 13:53:33 UTC] PHP Warning:  mysqli_real_connect(): (HY000/2003): Can't connect to MySQL server on 'localhost' (10061) in C:\Users\Usuario\Desktop\Desafio21\wordpress\wp-includes\wp-db.php on line 1531
[29-Aug-2018 13:53:48 UTC] PHP Warning:  mysqli_real_connect(): (HY000/2003): Can't connect to MySQL server on 'localhost' (10061) in C:\Users\Usuario\Desktop\Desafio21\wordpress\wp-includes\wp-db.php on line 1531
[29-Aug-2018 13:53:52 UTC] PHP Warning:  mysqli_real_connect(): (HY000/2003): Can't connect to MySQL server on 'localhost' (10061) in C:\Users\Usuario\Desktop\Desafio21\wordpress\wp-includes\wp-db.php on line 1531
[29-Aug-2018 13:54:06 UTC] PHP Warning:  mysqli_real_connect(): (HY000/2003): Can't connect to MySQL server on 'localhost' (10061) in C:\Users\Usuario\Desktop\Desafio21\wordpress\wp-includes\wp-db.php on line 1531
[29-Aug-2018 13:54:27 UTC] PHP Warning:  mysqli_real_connect(): (HY000/2003): Can't connect to MySQL server on 'localhost' (10061) in C:\Users\Usuario\Desktop\Desafio21\wordpress\wp-includes\wp-db.php on line 1531
[29-Aug-2018 13:54:48 UTC] PHP Warning:  mysqli_real_connect(): (HY000/2003): Can't connect to MySQL server on 'localhost' (10061) in C:\Users\Usuario\Desktop\Desafio21\wordpress\wp-includes\wp-db.php on line 1531
[29-Aug-2018 13:55:45 UTC] PHP Warning:  mysqli_real_connect(): (HY000/2003): Can't connect to MySQL server on 'localhost' (10061) in C:\Users\Usuario\Desktop\Desafio21\wordpress\wp-includes\wp-db.php on line 1531
[29-Aug-2018 13:55:50 UTC] PHP Warning:  mysqli_real_connect(): (HY000/2003): Can't connect to MySQL server on 'localhost' (10061) in C:\Users\Usuario\Desktop\Desafio21\wordpress\wp-includes\wp-db.php on line 1531
[29-Aug-2018 16:29:27 UTC] PHP Parse error:  syntax error, unexpected end of file in C:\Users\Usuario\Desktop\Desafio21\wordpress\wp-content\themes\temagym\page-home.php on line 201
[29-Aug-2018 16:30:15 UTC] PHP Parse error:  syntax error, unexpected end of file in C:\Users\Usuario\Desktop\Desafio21\wordpress\wp-content\themes\temagym\page-home.php on line 201
[29-Aug-2018 16:30:47 UTC] PHP Parse error:  syntax error, unexpected end of file in C:\Users\Usuario\Desktop\Desafio21\wordpress\wp-content\themes\temagym\page-home.php on line 202
[29-Aug-2018 16:31:34 UTC] PHP Parse error:  syntax error, unexpected end of file in C:\Users\Usuario\Desktop\Desafio21\wordpress\wp-content\themes\temagym\page-home.php on line 202
[29-Aug-2018 16:31:38 UTC] PHP Parse error:  syntax error, unexpected end of file in C:\Users\Usuario\Desktop\Desafio21\wordpress\wp-content\themes\temagym\page-home.php on line 202
[29-Aug-2018 16:31:58 UTC] PHP Parse error:  syntax error, unexpected end of file in C:\Users\Usuario\Desktop\Desafio21\wordpress\wp-content\themes\temagym\page-home.php on line 202
[29-Aug-2018 16:33:00 UTC] PHP Parse error:  syntax error, unexpected end of file in C:\Users\Usuario\Desktop\Desafio21\wordpress\wp-content\themes\temagym\page-home.php on line 203
[29-Aug-2018 16:33:02 UTC] PHP Parse error:  syntax error, unexpected end of file in C:\Users\Usuario\Desktop\Desafio21\wordpress\wp-content\themes\temagym\page-home.php on line 203
[29-Aug-2018 16:33:25 UTC] PHP Parse error:  syntax error, unexpected end of file in C:\Users\Usuario\Desktop\Desafio21\wordpress\wp-content\themes\temagym\page-home.php on line 201
[29-Aug-2018 16:33:48 UTC] PHP Parse error:  syntax error, unexpected end of file in C:\Users\Usuario\Desktop\Desafio21\wordpress\wp-content\themes\temagym\page-home.php on line 201
[29-Aug-2018 16:37:00 UTC] PHP Parse error:  syntax error, unexpected end of file in C:\Users\Usuario\Desktop\Desafio21\wordpress\wp-content\themes\temagym\page-home.php on line 199
[30-Aug-2018 21:06:12 UTC] PHP Warning:  mysqli_real_connect(): (HY000/2003): Can't connect to MySQL server on 'localhost' (10061) in C:\Users\Usuario\Desktop\Desafio21\wordpress\wp-includes\wp-db.php on line 1531
[30-Aug-2018 21:06:36 UTC] PHP Warning:  Ocurrió un error inesperado. Algo debe estar mal con WordPress.org o la configuración de este servidor. Si continúas con problemas, por favor visita los <a href="https://wordpress.org/support/">foros de soporte</a>. (WordPress no pudo establecer una conexión segura a WordPress.org. Por favor contacta al administrador de tu servidor.) in C:\Users\Usuario\Desktop\Desafio21\wordpress\wp-includes\update.php on line 155
[30-Aug-2018 21:06:39 UTC] PHP Warning:  Ocurrió un error inesperado. Algo debe estar mal con WordPress.org o la configuración de este servidor. Si continúas con problemas, por favor visita los <a href="https://wordpress.org/support/">foros de soporte</a>. (WordPress no pudo establecer una conexión segura a WordPress.org. Por favor contacta al administrador de tu servidor.) in C:\Users\Usuario\Desktop\Desafio21\wordpress\wp-includes\update.php on line 347
[30-Aug-2018 21:06:42 UTC] PHP Warning:  Ocurrió un error inesperado. Algo debe estar mal con WordPress.org o la configuración de este servidor. Si continúas con problemas, por favor visita los <a href="https://wordpress.org/support/">foros de soporte</a>. (WordPress no pudo establecer una conexión segura a WordPress.org. Por favor contacta al administrador de tu servidor.) in C:\Users\Usuario\Desktop\Desafio21\wordpress\wp-includes\update.php on line 529
[30-Aug-2018 22:00:55 UTC] PHP Parse error:  syntax error, unexpected '=' in C:\Users\Usuario\Desktop\Desafio21\wordpress\wp-content\themes\temagym\page-home.php on line 67
[04-Sep-2018 21:10:25 UTC] PHP Warning:  mysqli_real_connect(): (HY000/2003): Can't connect to MySQL server on 'localhost' (10061) in C:\Users\Usuario\Desktop\Desafio21\wordpress\wp-includes\wp-db.php on line 1531
